MojiList/proguard-rules.pro
# Add project specific ProGuard rules here.
# By default, the flags in this file are appended to flags specified
# in C:\Users\Scott Baar\AppData\Local\Android\sdk/tools/proguard/proguard-android.txt
# You can edit the include path and order by changing the proguardFiles
# directive in build.gradle.
#
# For more details, see
#   http://developer.android.com/guide/developing/tools/proguard.html

# Add any project specific keep options here:

# If your project uses WebView with JS, uncomment the following
# and specify the fully qualified class name to the JavaScript interface
# class:
#-keepclassmembers class fqcn.of.javascript.interface.for.webview {
#   public *;
#}
-ignorewarnings

-keep class com.makemoji.** { *; }
-keep class com.retrofit2.** { *; }
-keep class com.viewpagerindicator.** { *; }
-keep class org.ccil.** { *; }
-keep class com.squareup.** { *; }

-keep interface com.squareup.okhttp.** { *; }
-dontwarn com.squareup.okhttp.**
-dontwarn okio.**
-dontwarn retrofit2.**
-dontwarn com.viewpagerindicator.**
-dontwarn rx.**

-keepclasseswithmembers class * {
    @retrofit2.http.* <methods>;
}

-keepattributes Signature
-keepattributes Exceptions