MojiList/build/intermediates/proguard-rules/release/aapt_rules.txt
# Referenced at res\layout\design_bottom_navigation_item.xml:26
-keep class android.support.design.internal.BaselineLayout { <init>(...); }

# Referenced at res\layout\design_navigation_item.xml:17
-keep class android.support.design.internal.NavigationMenuItemView { <init>(...); }

# Referenced at res\layout\design_navigation_menu.xml:17
-keep class android.support.design.internal.NavigationMenuView { <init>(...); }

# Referenced at res\layout\design_layout_snackbar_include.xml:18
-keep class android.support.design.internal.SnackbarContentLayout { <init>(...); }

# Referenced at res\layout\activity_fullimage.xml:11
# Referenced at res\layout\activity_giffullimage.xml:9
# Referenced at res\layout\activity_homepage.xml:8
# Referenced at res\layout\activity_imgelist.xml:9
# Referenced at res\layout\activity_input.xml:10
# Referenced at res\layout\activity_main.xml:10
# Referenced at res\layout\content_input.xml:95
-keep class android.support.design.widget.AppBarLayout { <init>(...); }

# Referenced at res\layout\design_text_input_password_icon.xml:18
-keep class android.support.design.widget.CheckableImageButton { <init>(...); }

# Referenced at res\layout\design_bottom_sheet_dialog.xml:26
# Referenced at res\layout\activity_input.xml:2
# Referenced at res\layout\activity_main.xml:2
-keep class android.support.design.widget.CoordinatorLayout { <init>(...); }

# Referenced at res\layout-sw600dp-v13\design_layout_snackbar.xml:18
# Referenced at res\layout\design_layout_snackbar.xml:18
-keep class android.support.design.widget.Snackbar$SnackbarLayout { <init>(...); }

# Referenced at res\layout\activity_homepage.xml:14
# Referenced at res\layout\content_input.xml:143
# Referenced at release\layout\kb_layout.xml:31
# Referenced at release\layout\mm_wall_frag.xml:14
-keep class android.support.design.widget.TabLayout { <init>(...); }

# Referenced at full\release\AndroidManifest.xml:83
-keep class android.support.v4.content.FileProvider { <init>(...); }

# Referenced at res\layout\activity_homepage.xml:29
# Referenced at res\layout\content_input.xml:160
# Referenced at release\layout\mm_vp_page.xml:20
# Referenced at release\layout\mm_wall_frag.xml:6
-keep class android.support.v4.view.ViewPager { <init>(...); }

# Referenced at res\layout\abc_alert_dialog_material.xml:41
-keep class android.support.v4.widget.NestedScrollView { <init>(...); }

# Referenced at res\layout\abc_alert_dialog_button_bar_material.xml:43
# Referenced at res\layout\abc_alert_dialog_material.xml:52
# Referenced at res\layout\abc_alert_dialog_material.xml:66
# Referenced at res\layout\abc_alert_dialog_title_material.xml:56
-keep class android.support.v4.widget.Space { <init>(...); }

# Referenced at res\layout\abc_select_dialog_material.xml:23
-keep class android.support.v7.app.AlertController$RecycleListView { <init>(...); }

# Referenced at res\layout\abc_action_menu_item_layout.xml:17
-keep class android.support.v7.view.menu.ActionMenuItemView { <init>(...); }

# Referenced at res\layout\abc_expanded_menu_layout.xml:17
-keep class android.support.v7.view.menu.ExpandedMenuView { <init>(...); }

# Referenced at res\layout\abc_list_menu_item_layout.xml:17
# Referenced at res\layout\abc_popup_menu_item_layout.xml:17
-keep class android.support.v7.view.menu.ListMenuItemView { <init>(...); }

# Referenced at res\layout-v26\abc_screen_toolbar.xml:27
# Referenced at res\layout\abc_screen_toolbar.xml:27
-keep class android.support.v7.widget.ActionBarContainer { <init>(...); }

# Referenced at res\layout-v26\abc_screen_toolbar.xml:44
# Referenced at res\layout\abc_action_mode_bar.xml:19
# Referenced at res\layout\abc_screen_toolbar.xml:43
-keep class android.support.v7.widget.ActionBarContextView { <init>(...); }

# Referenced at res\layout-v26\abc_screen_toolbar.xml:17
# Referenced at res\layout\abc_screen_toolbar.xml:17
-keep class android.support.v7.widget.ActionBarOverlayLayout { <init>(...); }

# Referenced at res\layout\abc_action_menu_layout.xml:17
-keep class android.support.v7.widget.ActionMenuView { <init>(...); }

# Referenced at res\layout\abc_activity_chooser_view.xml:19
-keep class android.support.v7.widget.ActivityChooserView$InnerLayout { <init>(...); }

# Referenced at res\layout\abc_alert_dialog_material.xml:18
-keep class android.support.v7.widget.AlertDialogLayout { <init>(...); }

# Referenced at res\layout\abc_alert_dialog_button_bar_material.xml:26
-keep class android.support.v7.widget.ButtonBarLayout { <init>(...); }

# Referenced at res\layout\abc_screen_content_include.xml:19
-keep class android.support.v7.widget.ContentFrameLayout { <init>(...); }

# Referenced at res\layout\abc_alert_dialog_title_material.xml:45
-keep class android.support.v7.widget.DialogTitle { <init>(...); }

# Referenced at res\layout\abc_screen_simple_overlay_action_mode.xml:23
-keep class android.support.v7.widget.FitWindowsFrameLayout { <init>(...); }

# Referenced at res\layout\abc_dialog_title_material.xml:22
# Referenced at res\layout\abc_screen_simple.xml:17
-keep class android.support.v7.widget.FitWindowsLinearLayout { <init>(...); }

# Referenced at res\layout\activity_gridlayout.xml:8
# Referenced at res\layout\activity_imageslist.xml:6
# Referenced at res\layout\activity_imgelist.xml:56
# Referenced at res\layout\content_input.xml:81
# Referenced at res\layout\fragment_category.xml:33
# Referenced at release\layout\kb_layout.xml:56
# Referenced at release\layout\kb_page.xml:102
# Referenced at release\layout\mm_grid_frag.xml:2
# Referenced at release\layout\mm_moji_input_layout.xml:65
# Referenced at release\layout\mm_one_grid_page.xml:17
# Referenced at release\layout\mm_one_grid_page_gif.xml:12
# Referenced at release\layout\mm_page_categories.xml:17
# Referenced at release\layout\mm_reactions_layout.xml:6
# Referenced at release\layout\mm_vp_page_content.xml:2
# Referenced at release\layout\mm_wall_page.xml:2
-keep class android.support.v7.widget.RecyclerView { <init>(...); }

# Referenced at res\layout\abc_search_view.xml:75
-keep class android.support.v7.widget.SearchView$SearchAutoComplete { <init>(...); }

# Referenced at res\layout-v26\abc_screen_toolbar.xml:37
# Referenced at res\layout\abc_screen_toolbar.xml:36
# Referenced at res\layout\activity_fullimage.xml:18
# Referenced at res\layout\activity_giffullimage.xml:14
# Referenced at res\layout\activity_imgelist.xml:16
# Referenced at res\layout\activity_input.xml:15
# Referenced at res\layout\activity_main.xml:15
# Referenced at res\layout\content_input.xml:100
# Referenced at release\layout\inapp.xml:9
-keep class android.support.v7.widget.Toolbar { <init>(...); }

# Referenced at res\layout\abc_screen_simple.xml:25
# Referenced at res\layout\abc_screen_simple_overlay_action_mode.xml:32
-keep class android.support.v7.widget.ViewStubCompat { <init>(...); }

# Referenced at release\layout\kb_layout.xml:64
-keep class com.makemoji.keyboard.LatinKeyboardView { <init>(...); }

# Referenced at full\release\AndroidManifest.xml:108
-keep class com.makemoji.keyboard.MMFileProvider { <init>(...); }

# Referenced at full\release\AndroidManifest.xml:93
-keep class com.makemoji.keyboard.MMKB { <init>(...); }

# Referenced at release\layout\kb_tab.xml:9
# Referenced at release\layout\mm_wall_tab.xml:8
-keep class com.makemoji.mojilib.MMForegroundImageView { <init>(...); }

# Referenced at res\layout\content_input.xml:11
# Referenced at release\layout\mm_moji_input_layout.xml:31
-keep class com.makemoji.mojilib.MojiEditText { <init>(...); }

# Referenced at release\layout\mm_horiz_moji_item.xml:9
# Referenced at release\layout\mm_rv_moji_item.xml:2
# Referenced at release\layout\mm_video_moji_item.xml:12
# Referenced at release\layout\mm_video_moji_item_vertical.xml:12
-keep class com.makemoji.mojilib.MojiImageView { <init>(...); }

# Referenced at res\layout\content_input.xml:89
-keep class com.makemoji.mojilib.MojiInputLayout { <init>(...); }

# Referenced at res\layout\reactions_list_item.xml:10
-keep class com.makemoji.mojilib.ReactionsLayout { <init>(...); }

# Referenced at release\layout\mm_moji_input_layout.xml:54
-keep class com.makemoji.mojilib.ResizeableLL { <init>(...); }

# Referenced at res\layout\activity_giffullimage.xml:60
# Referenced at release\layout\mm_gif_iv.xml:2
# Referenced at release\layout\mm_gif_iv_vertical.xml:2
# Referenced at release\layout\mm_horiz_gif_item.xml:8
-keep class com.makemoji.mojilib.gif.GifImageView { <init>(...); }

# Referenced at full\release\AndroidManifest.xml:26
-keep class com.makemoji.mojilib.wall.MojiWallActivity { <init>(...); }

# Referenced at full\release\AndroidManifest.xml:72
-keep class com.makemoji.sbaar.alpha.ActivateActivity { <init>(...); }

# Referenced at full\release\AndroidManifest.xml:17
-keep class com.makemoji.sbaar.alpha.App { <init>(...); }

# Referenced at full\release\AndroidManifest.xml:39
-keep class com.makemoji.sbaar.alpha.GIFActivity { <init>(...); }

# Referenced at full\release\AndroidManifest.xml:33
-keep class com.makemoji.sbaar.alpha.ImageActivity { <init>(...); }

# Referenced at full\release\AndroidManifest.xml:36
-keep class com.makemoji.sbaar.alpha.ImageListActivity { <init>(...); }

# Referenced at full\release\AndroidManifest.xml:29
-keep class com.makemoji.sbaar.alpha.InputActivity { <init>(...); }

# Referenced at full\release\AndroidManifest.xml:45
-keep class com.makemoji.sbaar.alpha.MainActivity { <init>(...); }

# Referenced at full\release\AndroidManifest.xml:81
-keep class com.makemoji.sbaar.alpha.ReactionsActivity { <init>(...); }

# Referenced at full\release\AndroidManifest.xml:49
-keep class com.makemoji.sbaar.alpha.SplashScreen { <init>(...); }

# Referenced at full\release\AndroidManifest.xml:42
-keep class com.makemoji.sbaar.alpha.inappNew { <init>(...); }

# Referenced at release\layout\mm_vp_page.xml:51
-keep class com.rd.PageIndicatorView { <init>(...); }

# Referenced at release\layout\kb_page.xml:10
-keep class fr.castorflex.android.smoothprogressbar.SmoothProgressBar { <init>(...); }

# Referenced at release\layout\inapp.xml:18
-keepclassmembers class * { *** btnBack_onClick(...); }

# Referenced at release\layout\inapp.xml:77
-keepclassmembers class * { *** btnFree_onClick(...); }

# Referenced at release\layout\inapp.xml:101
-keepclassmembers class * { *** onBuyGasButtonClicked(...); }

# Referenced at release\layout\inapp.xml:87
-keepclassmembers class * { *** onUpgradeAppButtonClicked(...); }