MojiList/build/outputs/mapping/release/seeds.txt
com.makemoji.sbaar.alpha.ActivateActivity
com.makemoji.sbaar.alpha.ActivateActivity: android.widget.TextView activateText
com.makemoji.sbaar.alpha.ActivateActivity: android.widget.Button activateButton
com.makemoji.sbaar.alpha.ActivateActivity: ActivateActivity()
com.makemoji.sbaar.alpha.ActivateActivity: void onCreate(android.os.Bundle)
com.makemoji.sbaar.alpha.ActivateActivity: void onResume()
com.makemoji.sbaar.alpha.ActivateActivity: boolean onOptionsItemSelected(android.view.MenuItem)
com.makemoji.sbaar.alpha.ActivateActivity$1
com.makemoji.sbaar.alpha.ActivateActivity$1: com.makemoji.sbaar.alpha.ActivateActivity this$0
com.makemoji.sbaar.alpha.ActivateActivity$1: ActivateActivity$1(com.makemoji.sbaar.alpha.ActivateActivity)
com.makemoji.sbaar.alpha.ActivateActivity$1: void onClick(android.view.View)
com.makemoji.sbaar.alpha.App
com.makemoji.sbaar.alpha.App: android.content.Context context
com.makemoji.sbaar.alpha.App: java.lang.String test
com.makemoji.sbaar.alpha.App: android.content.SharedPreferences prefUser
com.makemoji.sbaar.alpha.App: android.content.SharedPreferences$Editor editorUser
com.makemoji.sbaar.alpha.App: java.util.ArrayList mojiModels
com.makemoji.sbaar.alpha.App: App()
com.makemoji.sbaar.alpha.App: void onCreate()
com.makemoji.sbaar.alpha.AppConstant
com.makemoji.sbaar.alpha.AppConstant: java.lang.String enable
com.makemoji.sbaar.alpha.AppConstant: java.lang.String BASE_URL
com.makemoji.sbaar.alpha.AppConstant: java.lang.String API_CHECKPERMISSON
com.makemoji.sbaar.alpha.AppConstant: AppConstant()
com.makemoji.sbaar.alpha.AppConstant: void <clinit>()
com.makemoji.sbaar.alpha.BuildConfig
com.makemoji.sbaar.alpha.BuildConfig: boolean DEBUG
com.makemoji.sbaar.alpha.BuildConfig: java.lang.String APPLICATION_ID
com.makemoji.sbaar.alpha.BuildConfig: java.lang.String BUILD_TYPE
com.makemoji.sbaar.alpha.BuildConfig: java.lang.String FLAVOR
com.makemoji.sbaar.alpha.BuildConfig: int VERSION_CODE
com.makemoji.sbaar.alpha.BuildConfig: java.lang.String VERSION_NAME
com.makemoji.sbaar.alpha.BuildConfig: BuildConfig()
com.makemoji.sbaar.alpha.GIFActivity
com.makemoji.sbaar.alpha.GIFActivity: java.lang.String image
com.makemoji.sbaar.alpha.GIFActivity: android.widget.ImageView imageView
com.makemoji.sbaar.alpha.GIFActivity: android.widget.ImageView iv_back
com.makemoji.sbaar.alpha.GIFActivity: android.widget.ImageView iv_share
com.makemoji.sbaar.alpha.GIFActivity: java.lang.String pic
com.makemoji.sbaar.alpha.GIFActivity: android.graphics.Bitmap bitmap1
com.makemoji.sbaar.alpha.GIFActivity: android.widget.ProgressBar progress_item
com.makemoji.sbaar.alpha.GIFActivity: GIFActivity()
com.makemoji.sbaar.alpha.GIFActivity: void onCreate(android.os.Bundle)
com.makemoji.sbaar.alpha.GIFActivity: android.net.Uri saveImageExternal(android.graphics.Bitmap)
com.makemoji.sbaar.alpha.GIFActivity: void shareGif(java.lang.String)
com.makemoji.sbaar.alpha.GIFActivity$1
com.makemoji.sbaar.alpha.GIFActivity$1: com.makemoji.sbaar.alpha.GIFActivity this$0
com.makemoji.sbaar.alpha.GIFActivity$1: GIFActivity$1(com.makemoji.sbaar.alpha.GIFActivity)
com.makemoji.sbaar.alpha.GIFActivity$1: boolean onException(java.lang.Exception,java.lang.String,com.bumptech.glide.request.target.Target,boolean)
com.makemoji.sbaar.alpha.GIFActivity$1: boolean onResourceReady(com.bumptech.glide.load.resource.drawable.GlideDrawable,java.lang.String,com.bumptech.glide.request.target.Target,boolean,boolean)
com.makemoji.sbaar.alpha.GIFActivity$1: boolean onResourceReady(java.lang.Object,java.lang.Object,com.bumptech.glide.request.target.Target,boolean,boolean)
com.makemoji.sbaar.alpha.GIFActivity$1: boolean onException(java.lang.Exception,java.lang.Object,com.bumptech.glide.request.target.Target,boolean)
...
android.support.v7.widget.MenuPopupWindow$MenuDropDownListView: void setHoverListener(android.support.v7.widget.MenuItemHoverListener)
android.support.v7.widget.PagerSnapHelper: int MAX_SCROLL_ON_FLING_DURATION
android.support.v7.widget.PagerSnapHelper: android.support.v7.widget.OrientationHelper mVerticalHelper
android.support.v7.widget.PagerSnapHelper: android.support.v7.widget.OrientationHelper mHorizontalHelper
android.support.v7.widget.PagerSnapHelper: PagerSnapHelper()
android.support.v7.widget.PagerSnapHelper: int[] calculateDistanceToFinalSnap(android.support.v7.widget.RecyclerView$LayoutManager,android.view.View)
android.support.v7.widget.PagerSnapHelper: android.view.View findSnapView(android.support.v7.widget.RecyclerView$LayoutManager)
android.support.v7.widget.PagerSnapHelper: int findTargetSnapPosition(android.support.v7.widget.RecyclerView$LayoutManager,int,int)
android.support.v7.widget.PagerSnapHelper: android.support.v7.widget.LinearSmoothScroller createSnapScroller(android.support.v7.widget.RecyclerView$LayoutManager)
android.support.v7.widget.PagerSnapHelper: int distanceToCenter(android.support.v7.widget.RecyclerView$LayoutManager,android.view.View,android.support.v7.widget.OrientationHelper)
android.support.v7.widget.PagerSnapHelper: android.view.View findCenterView(android.support.v7.widget.RecyclerView$LayoutManager,android.support.v7.widget.OrientationHelper)
android.support.v7.widget.PagerSnapHelper: android.view.View findStartView(android.support.v7.widget.RecyclerView$LayoutManager,android.support.v7.widget.OrientationHelper)
android.support.v7.widget.RecyclerView
android.support.v7.widget.RecyclerView: RecyclerView(android.content.Context)
android.support.v7.widget.RecyclerView: RecyclerView(android.content.Context,android.util.AttributeSet)
android.support.v7.widget.RecyclerView: RecyclerView(android.content.Context,android.util.AttributeSet,int)
android.support.v7.widget.RecyclerView: android.support.v7.widget.RecyclerViewAccessibilityDelegate getCompatAccessibilityDelegate()
android.support.v7.widget.RecyclerView: void setAccessibilityDelegateCompat(android.support.v7.widget.RecyclerViewAccessibilityDelegate)
android.support.v7.widget.RecyclerView: void setHasFixedSize(boolean)
android.support.v7.widget.RecyclerView: void setClipToPadding(boolean)
android.support.v7.widget.RecyclerView: boolean getClipToPadding()
android.support.v7.widget.RecyclerView: void setScrollingTouchSlop(int)
android.support.v7.widget.RecyclerView: void setAdapter(android.support.v7.widget.RecyclerView$Adapter)
android.support.v7.widget.RecyclerView: android.support.v7.widget.RecyclerView$Adapter getAdapter()
android.support.v7.widget.RecyclerView: void setRecyclerListener(android.support.v7.widget.RecyclerView$RecyclerListener)
android.support.v7.widget.RecyclerView: int getBaseline()
android.support.v7.widget.RecyclerView: void setLayoutManager(android.support.v7.widget.RecyclerView$LayoutManager)
android.support.v7.widget.RecyclerView: void setOnFlingListener(android.support.v7.widget.RecyclerView$OnFlingListener)