MojiList/build/outputs/mapping/release/mapping.txt
com.makemoji.sbaar.alpha.ActivateActivity -> com.makemoji.sbaar.alpha.ActivateActivity:
    android.widget.TextView activateText -> activateText
    android.widget.Button activateButton -> activateButton
    void <init>() -> <init>
    void onCreate(android.os.Bundle) -> onCreate
    void onResume() -> onResume
    boolean onOptionsItemSelected(android.view.MenuItem) -> onOptionsItemSelected
com.makemoji.sbaar.alpha.ActivateActivity$1 -> com.makemoji.sbaar.alpha.ActivateActivity$1:
    com.makemoji.sbaar.alpha.ActivateActivity this$0 -> this$0
    void <init>(com.makemoji.sbaar.alpha.ActivateActivity) -> <init>
    void onClick(android.view.View) -> onClick
com.makemoji.sbaar.alpha.App -> com.makemoji.sbaar.alpha.App:
    android.content.Context context -> context
    java.lang.String test -> test
    android.content.SharedPreferences prefUser -> prefUser
    android.content.SharedPreferences$Editor editorUser -> editorUser
    java.util.ArrayList mojiModels -> mojiModels
    void <init>() -> <init>
    void onCreate() -> onCreate
com.makemoji.sbaar.alpha.AppConstant -> com.makemoji.sbaar.alpha.AppConstant:
    java.lang.String enable -> enable
    java.lang.String BASE_URL -> BASE_URL
    java.lang.String API_CHECKPERMISSON -> API_CHECKPERMISSON
    void <init>() -> <init>
    void <clinit>() -> <clinit>
com.makemoji.sbaar.alpha.BuildConfig -> com.makemoji.sbaar.alpha.BuildConfig:
    boolean DEBUG -> DEBUG
    java.lang.String APPLICATION_ID -> APPLICATION_ID
    java.lang.String BUILD_TYPE -> BUILD_TYPE
    java.lang.String FLAVOR -> FLAVOR
    int VERSION_CODE -> VERSION_CODE
    java.lang.String VERSION_NAME -> VERSION_NAME
    void <init>() -> <init>
com.makemoji.sbaar.alpha.GIFActivity -> com.makemoji.sbaar.alpha.GIFActivity:
    java.lang.String image -> image
    android.widget.ImageView imageView -> imageView
    android.widget.ImageView iv_back -> iv_back
    android.widget.ImageView iv_share -> iv_share
    java.lang.String pic -> pic
    android.graphics.Bitmap bitmap1 -> bitmap1
    android.widget.ProgressBar progress_item -> progress_item
    void <init>() -> <init>
    void onCreate(android.os.Bundle) -> onCreate
    android.net.Uri saveImageExternal(android.graphics.Bitmap) -> saveImageExternal
    void shareGif(java.lang.String) -> shareGif
com.makemoji.sbaar.alpha.GIFActivity$1 -> com.makemoji.sbaar.alpha.GIFActivity$1:
    com.makemoji.sbaar.alpha.GIFActivity this$0 -> this$0
    void <init>(com.makemoji.sbaar.alpha.GIFActivity) -> <init>
    boolean onException(java.lang.Exception,java.lang.String,com.bumptech.glide.request.target.Target,boolean) -> onException
    boolean onResourceReady(com.bumptech.glide.load.resource.drawable.GlideDrawable,java.lang.String,com.bumptech.glide.request.target.Target,boolean,boolean) -> onResourceReady
    boolean onResourceReady(java.lang.Object,java.lang.Object,com.bumptech.glide.request.target.Target,boolean,boolean) -> onResourceReady
    boolean onException(java.lang.Exception,java.lang.Object,com.bumptech.glide.request.target.Target,boolean) -> onException
com.makemoji.sbaar.alpha.GIFActivity$2 -> com.makemoji.sbaar.alpha.GIFActivity$2:
    com.makemoji.sbaar.alpha.GIFActivity this$0 -> this$0
    void <init>(com.makemoji.sbaar.alpha.GIFActivity) -> <init>
    void run() -> run
com.makemoji.sbaar.alpha.GIFActivity$3 -> com.makemoji.sbaar.alpha.GIFActivity$3:
    com.makemoji.sbaar.alpha.GIFActivity this$0 -> this$0
    void <init>(com.makemoji.sbaar.alpha.GIFActivity) -> <init>
    void onClick(android.view.View) -> onClick
com.makemoji.sbaar.alpha.GIFActivity$4 -> com.makemoji.sbaar.alpha.GIFActivity$4:
    com.makemoji.sbaar.alpha.GIFActivity this$0 -> this$0
    void <init>(com.makemoji.sbaar.alpha.GIFActivity) -> <init>
    void onClick(android.view.View) -> onClick
...
com.squareup.okhttp.internal.InternalCache -> com.squareup.okhttp.internal.InternalCache:
    com.squareup.okhttp.Response get(com.squareup.okhttp.Request) -> get
    com.squareup.okhttp.internal.http.CacheRequest put(com.squareup.okhttp.Response) -> put
    void remove(com.squareup.okhttp.Request) -> remove
    void update(com.squareup.okhttp.Response,com.squareup.okhttp.Response) -> update
    void trackConditionalCacheHit() -> trackConditionalCacheHit
    void trackResponse(com.squareup.okhttp.internal.http.CacheStrategy) -> trackResponse
com.squareup.okhttp.internal.NamedRunnable -> com.squareup.okhttp.internal.NamedRunnable:
    java.lang.String name -> name
    void <init>(java.lang.String,java.lang.Object[]) -> <init>
    void run() -> run
    void execute() -> execute
com.squareup.okhttp.internal.OptionalMethod -> com.squareup.okhttp.internal.OptionalMethod:
    java.lang.Class returnType -> returnType
    java.lang.String methodName -> methodName
    java.lang.Class[] methodParams -> methodParams
    void <init>(java.lang.Class,java.lang.String,java.lang.Class[]) -> <init>
    boolean isSupported(java.lang.Object) -> isSupported
    java.lang.Object invokeOptional(java.lang.Object,java.lang.Object[]) -> invokeOptional
    java.lang.Object invokeOptionalWithoutCheckedException(java.lang.Object,java.lang.Object[]) -> invokeOptionalWithoutCheckedException
    java.lang.Object invoke(java.lang.Object,java.lang.Object[]) -> invoke
    java.lang.Object invokeWithoutCheckedException(java.lang.Object,java.lang.Object[]) -> invokeWithoutCheckedException
    java.lang.reflect.Method getMethod(java.lang.Class) -> getMethod
    java.lang.reflect.Method getPublicMethod(java.lang.Class,java.lang.String,java.lang.Class[]) -> getPublicMethod
com.squareup.okhttp.internal.Platform -> com.squareup.okhttp.internal.Platform:
    com.squareup.okhttp.internal.Platform PLATFORM -> PLATFORM
    void <init>() -> <init>
    com.squareup.okhttp.internal.Platform get() -> get
    java.lang.String getPrefix() -> getPrefix
    void logW(java.lang.String) -> logW
    void tagSocket(java.net.Socket) -> tagSocket
    void untagSocket(java.net.Socket) -> untagSocket
    void configureTlsExtensions(javax.net.ssl.SSLSocket,java.lang.String,java.util.List) -> configureTlsExtensions
    void afterHandshake(javax.net.ssl.SSLSocket) -> afterHandshake
    java.lang.String getSelectedProtocol(javax.net.ssl.SSLSocket) -> getSelectedProtocol
    void connectSocket(java.net.Socket,java.net.InetSocketAddress,int) -> connectSocket
    void log(java.lang.String) -> log
    com.squareup.okhttp.internal.Platform findPlatform() -> findPlatform
    byte[] concatLengthPrefixed(java.util.List) -> concatLengthPrefixed
    void <clinit>() -> <clinit>