MojiList/build/outputs/mapping/release/usage.txt
android.support.v7.appcompat.R$styleable:
    1112:1112:public R$styleable()
android.support.v7.content.res.AppCompatColorStateListInflater:
    private static final int DEFAULT_COLOR
    40:40:private AppCompatColorStateListInflater()
android.support.v7.content.res.AppCompatResources:
    private static final java.lang.String LOG_TAG
    53:53:private AppCompatResources()
android.support.v7.content.res.GrowingArrayUtils:
    72:80:public static long[] append(long[],int,long)
    87:95:public static boolean[] append(boolean[],int,boolean)
    110:123:public static java.lang.Object[] insert(java.lang.Object[],int,int,java.lang.Object)
    130:142:public static int[] insert(int[],int,int,int)
    149:161:public static long[] insert(long[],int,int,long)
    168:180:public static boolean[] insert(boolean[],int,int,boolean)
android.support.v7.graphics.drawable.DrawerArrowDrawable
android.support.v7.graphics.drawable.DrawerArrowDrawable$ArrowDirection
android.support.v7.recyclerview.BuildConfig
android.support.v7.recyclerview.R:
    9:9:public R()
android.support.v7.recyclerview.R$attr
android.support.v7.recyclerview.R$bool
android.support.v7.recyclerview.R$color
android.support.v7.recyclerview.R$dimen:
    39:39:public R$dimen()
android.support.v7.recyclerview.R$drawable
android.support.v7.recyclerview.R$id
android.support.v7.recyclerview.R$integer
android.support.v7.recyclerview.R$layout
android.support.v7.recyclerview.R$string
android.support.v7.recyclerview.R$style
android.support.v7.recyclerview.R$styleable:
    133:133:public R$styleable()
android.support.v7.text.AllCapsTransformationMethod
android.support.v7.util.AsyncListUtil
android.support.v7.util.AsyncListUtil$1
android.support.v7.util.AsyncListUtil$2
android.support.v7.util.AsyncListUtil$DataCallback
android.support.v7.util.AsyncListUtil$ViewCallback
android.support.v7.util.BatchingListUpdateCallback
android.support.v7.util.DiffUtil
android.support.v7.util.DiffUtil$1
android.support.v7.util.DiffUtil$Callback
android.support.v7.util.DiffUtil$DiffResult
android.support.v7.util.DiffUtil$DiffResult$1
android.support.v7.util.DiffUtil$PostponedUpdate
android.support.v7.util.DiffUtil$Range
android.support.v7.util.DiffUtil$Snake
android.support.v7.util.ListUpdateCallback
android.support.v7.util.MessageThreadUtil
android.support.v7.util.MessageThreadUtil$1
android.support.v7.util.MessageThreadUtil$1$1
android.support.v7.util.MessageThreadUtil$2
android.support.v7.util.MessageThreadUtil$2$1
android.support.v7.util.MessageThreadUtil$MessageQueue
android.support.v7.util.MessageThreadUtil$SyncQueueItem
android.support.v7.util.SortedList
android.support.v7.util.SortedList$BatchedCallback
android.support.v7.util.SortedList$Callback
android.support.v7.util.ThreadUtil
android.support.v7.util.ThreadUtil$BackgroundCallback
android.support.v7.util.ThreadUtil$MainThreadCallback
android.support.v7.util.TileList
android.support.v7.util.TileList$Tile
android.support.v7.view.ActionMode:
    224:224:public boolean isUiFocusable()
android.support.v7.view.ContextThemeWrapper:
    103:111:public void applyOverrideConfiguration(android.content.res.Configuration)
    119:119:public android.content.res.Configuration getOverrideConfiguration()
android.support.v7.view.StandaloneActionMode:
    144:144:public void onCloseMenu(android.support.v7.view.menu.MenuBuilder,boolean)
    147:152:public boolean onSubMenuSelected(android.support.v7.view.menu.SubMenuBuilder)
    156:156:public void onCloseSubMenu(android.support.v7.view.menu.SubMenuBuilder)
    166:166:public boolean isUiFocusable()
android.support.v7.view.SupportMenuInflater:
    static final java.lang.String LOG_TAG
    private static final java.lang.String XML_MENU
    private static final java.lang.String XML_GROUP
    private static final java.lang.String XML_ITEM
    static final int NO_ID